SF:lib/core/error/exceptions.dart
DA:10,0
DA:11,0
DA:13,0
DA:14,0
DA:16,0
DA:17,0
LF:6
LH:0
end_of_record
SF:lib/core/error/failures.dart
DA:4,2
DA:6,1
LF:2
LH:2
end_of_record
SF:lib/core/network/network_info.dart
DA:11,1
DA:13,1
DA:14,2
LF:3
LH:3
end_of_record
SF:lib/data/datasources/users_local_data_source.dart
DA:19,0
DA:20,0
DA:22,0
DA:24,0
DA:26,0
DA:28,0
DA:32,0
DA:34,0
DA:37,0
DA:39,0
DA:45,0
LF:11
LH:0
end_of_record
SF:lib/data/datasources/users_remote_data_source.dart
DA:14,0
DA:18,0
DA:22,0
DA:26,0
LF:4
LH:0
end_of_record
SF:lib/data/models/user_model.dart
DA:8,4
DA:15,4
DA:24,0
DA:25,0
DA:27,2
LF:5
LH:3
end_of_record
SF:lib/data/models/user_model.g.dart
DA:9,0
DA:10,0
DA:11,0
DA:12,0
DA:13,0
DA:14,0
DA:15,0
DA:16,0
DA:20,2
DA:21,1
DA:22,1
DA:23,1
DA:24,1
DA:25,1
DA:26,1
LF:15
LH:7
end_of_record
SF:lib/domain/entities/user_entity.dart
DA:12,5
DA:21,1
DA:23,7
LF:3
LH:3
end_of_record
SF:lib/data/repositories/user_repository_impl.dart
DA:30,1
DA:35,0
DA:36,0
DA:37,0
DA:38,0
DA:41,1
DA:43,5
DA:46,2
DA:47,1
DA:48,2
DA:49,1
DA:50,4
DA:51,3
DA:52,1
DA:53,1
DA:54,2
DA:55,1
DA:56,2
DA:57,0
DA:58,0
DA:59,0
DA:60,0
DA:65,1
DA:67,3
DA:68,0
DA:70,3
DA:71,4
DA:72,2
DA:73,1
DA:75,3
DA:76,1
DA:78,1
DA:79,2
DA:80,1
DA:81,2
DA:82,1
DA:83,2
DA:88,1
DA:90,2
DA:91,0
DA:93,1
DA:94,2
DA:99,1
DA:106,4
DA:108,3
DA:110,1
DA:111,1
DA:112,1
DA:118,3
DA:119,3
DA:120,3
DA:122,4
DA:123,1
DA:124,1
DA:125,2
DA:126,0
DA:127,0
LF:57
LH:45
end_of_record
SF:lib/domain/usecases/authenticate.dart
DA:10,1
DA:12,1
DA:16,3
LF:3
LH:3
end_of_record
SF:lib/domain/usecases/current_user.dart
DA:10,1
DA:12,1
DA:13,3
LF:3
LH:3
end_of_record
SF:lib/domain/usecases/register.dart
DA:10,1
DA:12,1
DA:19,3
LF:3
LH:3
end_of_record
SF:lib/domain/usecases/sign_out.dart
DA:9,1
DA:11,1
DA:12,3
LF:3
LH:3
end_of_record
